<?xml version="1.0" encoding="UTF-8"?>
<!-- Generated by org.testng.reporters.JUnitXMLReporter -->
<testsuite ignored="0" hostname="Тоха" failures="0" tests="3" name="Default test" time="0.075" errors="0" timestamp="29 нояб. 2018 08:09:37 GMT">
  <testcase classname="triangle_test.Tst_TriangleDataProvider" name="test_getSquareDataProvider" time="0.018"/>
  <testcase classname="triangle_test.Tst_TriangleDataProvider" name="test_getSquareDataProvider" time="0.002"/>
  <testcase classname="triangle_test.Tst_TriangleDataProvider" name="test_getSquareDataProvider" time="0.002"/>
</testsuite> <!-- Default test -->
