<?xml version="1.0" encoding="UTF-8"?>
<!-- Generated by org.testng.reporters.JUnitXMLReporter -->
<testsuite ignored="4" hostname="Тоха" failures="0" tests="2" name="Second test suite" time="0.007" errors="0" timestamp="29 нояб. 2018 08:14:32 GMT">
  <testcase classname="triangle_test.Test_getSquareOfTriangle" name="test_getSquare" time="0.001"/>
  <testcase classname="triangle_test.Test_getSquareOfTriangle" name="test_getSquareRectangTrianAnotherEquation" time="0.001"/>
  <testcase classname="triangle_test.Test_getSquareOfTriangle" name="test_getSquareNegManual" time="0.0">
    <ignored/>
  </testcase> <!-- test_getSquareNegManual -->
  <testcase classname="triangle_test.Test_getSquareOfTriangle" name="test_getSquareNegativeSide" time="0.0">
    <ignored/>
  </testcase> <!-- test_getSquareNegativeSide -->
  <testcase classname="triangle_test.Test_getSquareOfTriangle" name="test_getSquareTrCantExist" time="0.0">
    <ignored/>
  </testcase> <!-- test_getSquareTrCantExist -->
  <testcase classname="triangle_test.Test_getSquareOfTriangle" name="test_SquareOverflow" time="0.0">
    <ignored/>
  </testcase> <!-- test_SquareOverflow -->
</testsuite> <!-- Second test suite -->
