<?xml version="1.0" encoding="UTF-8"?>
<!-- Generated by org.testng.reporters.JUnitXMLReporter -->
<testsuite ignored="0" hostname="Тоха" failures="0" tests="3" name="Third test suite for dataProvider" time="0.033" errors="0" timestamp="01 дек. 2018 06:23:47 GMT">
  <testcase classname="triangle_test.Tst_TriangleDataProvider" name="test_getSquareDataProvider" time="0.009"/>
  <testcase classname="triangle_test.Tst_TriangleDataProvider" name="test_getSquareDataProvider" time="0.001"/>
  <testcase classname="triangle_test.Tst_TriangleDataProvider" name="test_getSquareDataProvider" time="0.008"/>
</testsuite> <!-- Third test suite for dataProvider -->
