<?xml version="1.0" encoding="UTF-8"?>
<!-- Generated by org.testng.reporters.JUnitXMLReporter -->
<testsuite ignored="0" hostname="Тоха" failures="0" tests="3" name="Third test suite for dataProvider" time="0.019" errors="0" timestamp="29 нояб. 2018 08:14:32 GMT">
  <testcase classname="triangle_test.Tst_TriangleDataProvider" name="test_getSquareDataProvider" time="0.003"/>
  <testcase classname="triangle_test.Tst_TriangleDataProvider" name="test_getSquareDataProvider" time="0.002"/>
  <testcase classname="triangle_test.Tst_TriangleDataProvider" name="test_getSquareDataProvider" time="0.002"/>
</testsuite> <!-- Third test suite for dataProvider -->
